it 2023-09-10 20:28:10,703 - ERROR - Error processing line #1 for ID #id: time data 'birthday' does not match format '%d/%m/%Y'
2023-09-10 20:28:10,704 - ERROR - Error processing line #14 for ID #13: time data '29/072006' does not match format '%d/%m/%Y'
2023-09-10 20:28:10,704 - ERROR - Error processing line #28 for ID #27: time data '23/23/2007' does not match format '%d/%m/%Y'
2023-09-10 20:28:10,704 - ERROR - Error processing line #31 for ID #30: time data '1411/1997' does not match format '%d/%m/%Y'
2023-09-10 20:28:10,704 - ERROR - Error processing line #48 for ID #47: unconverted data remains: 5
2023-09-10 20:28:10,704 - ERROR - Error processing line #49 for ID #48: time data '44/01/1972' does not match format '%d/%m/%Y'
2023-09-10 20:28:10,705 - ERROR - Error processing line #68 for ID #67: time data '29*06*1988' does not match format '%d/%m/%Y'
2023-09-10 20:28:10,705 - ERROR - Error processing line #72 for ID #71: time data '00/10/1995' does not match format '%d/%m/%Y'
2023-09-10 20:28:10,705 - ERROR - Error processing line #79 for ID #78: time data '25/19/1998' does not match format '%d/%m/%Y'
2023-09-10 20:28:10,705 - ERROR - Error processing line #88 for ID #87: time data '09-08-2003' does not match format '%d/%m/%Y'
2023-09-10 20:28:10,705 - ERROR - Error processing line #94 for ID #93: time data '22//01//2013' does not match format '%d/%m/%Y'
2023-09-13 11:37:26,324 - ERROR - Error processing line #1 for ID #id: time data 'birthday' does not match format '%d/%m/%Y'
2023-09-13 11:37:26,343 - ERROR - Error processing line #14 for ID #13: time data '29/072006' does not match format '%d/%m/%Y'
2023-09-13 11:37:26,344 - ERROR - Error processing line #28 for ID #27: time data '23/23/2007' does not match format '%d/%m/%Y'
2023-09-13 11:37:26,344 - ERROR - Error processing line #31 for ID #30: time data '1411/1997' does not match format '%d/%m/%Y'
2023-09-13 11:37:26,345 - ERROR - Error processing line #48 for ID #47: unconverted data remains: 5
2023-09-13 11:37:26,345 - ERROR - Error processing line #49 for ID #48: time data '44/01/1972' does not match format '%d/%m/%Y'
2023-09-13 11:37:26,346 - ERROR - Error processing line #68 for ID #67: time data '29*06*1988' does not match format '%d/%m/%Y'
2023-09-13 11:37:26,347 - ERROR - Error processing line #72 for ID #71: time data '00/10/1995' does not match format '%d/%m/%Y'
2023-09-13 11:37:26,347 - ERROR - Error processing line #79 for ID #78: time data '25/19/1998' does not match format '%d/%m/%Y'
2023-09-13 11:37:26,347 - ERROR - Error processing line #88 for ID #87: time data '09-08-2003' does not match format '%d/%m/%Y'
2023-09-13 11:37:26,348 - ERROR - Error processing line #94 for ID #93: time data '22//01//2013' does not match format '%d/%m/%Y'
2023-09-13 20:23:07,141 - ERROR - Error processing line #1 for ID #id: time data 'birthday' does not match format '%d/%m/%Y'
2023-09-13 20:23:07,196 - ERROR - Error processing line #14 for ID #13: time data '29/072006' does not match format '%d/%m/%Y'
2023-09-13 20:23:07,198 - ERROR - Error processing line #28 for ID #27: time data '23/23/2007' does not match format '%d/%m/%Y'
2023-09-13 20:23:07,198 - ERROR - Error processing line #31 for ID #30: time data '1411/1997' does not match format '%d/%m/%Y'
2023-09-13 20:23:07,199 - ERROR - Error processing line #48 for ID #47: unconverted data remains: 5
2023-09-13 20:23:07,199 - ERROR - Error processing line #49 for ID #48: time data '44/01/1972' does not match format '%d/%m/%Y'
2023-09-13 20:23:07,201 - ERROR - Error processing line #68 for ID #67: time data '29*06*1988' does not match format '%d/%m/%Y'
2023-09-13 20:23:07,201 - ERROR - Error processing line #72 for ID #71: time data '00/10/1995' does not match format '%d/%m/%Y'
2023-09-13 20:23:07,202 - ERROR - Error processing line #79 for ID #78: time data '25/19/1998' does not match format '%d/%m/%Y'
2023-09-13 20:23:07,203 - ERROR - Error processing line #88 for ID #87: time data '09-08-2003' does not match format '%d/%m/%Y'
2023-09-13 20:23:07,203 - ERROR - Error processing line #94 for ID #93: time data '22//01//2013' does not match format '%d/%m/%Y'
2023-09-13 20:33:35,265 - ERROR - Error processing line #1 for ID #id: time data 'birthday' does not match format '%d/%m/%Y'
2023-09-13 20:33:35,344 - ERROR - Error processing line #14 for ID #13: time data '29/072006' does not match format '%d/%m/%Y'
2023-09-13 20:33:35,345 - ERROR - Error processing line #28 for ID #27: time data '23/23/2007' does not match format '%d/%m/%Y'
2023-09-13 20:33:35,346 - ERROR - Error processing line #31 for ID #30: time data '1411/1997' does not match format '%d/%m/%Y'
2023-09-13 20:33:35,347 - ERROR - Error processing line #48 for ID #47: unconverted data remains: 5
2023-09-13 20:33:35,348 - ERROR - Error processing line #49 for ID #48: time data '44/01/1972' does not match format '%d/%m/%Y'
2023-09-13 20:33:35,349 - ERROR - Error processing line #68 for ID #67: time data '29*06*1988' does not match format '%d/%m/%Y'
2023-09-13 20:33:35,350 - ERROR - Error processing line #72 for ID #71: time data '00/10/1995' does not match format '%d/%m/%Y'
2023-09-13 20:33:35,351 - ERROR - Error processing line #79 for ID #78: time data '25/19/1998' does not match format '%d/%m/%Y'
2023-09-13 20:33:35,353 - ERROR - Error processing line #88 for ID #87: time data '09-08-2003' does not match format '%d/%m/%Y'
2023-09-13 20:33:35,354 - ERROR - Error processing line #94 for ID #93: time data '22//01//2013' does not match format '%d/%m/%Y'
2023-09-13 20:40:31,395 - ERROR - Error processing line #1 for ID #id: time data 'birthday' does not match format '%d/%m/%Y'
2023-09-13 20:40:31,408 - ERROR - Error processing line #14 for ID #13: time data '29/072006' does not match format '%d/%m/%Y'
2023-09-13 20:40:31,408 - ERROR - Error processing line #28 for ID #27: time data '23/23/2007' does not match format '%d/%m/%Y'
2023-09-13 20:40:31,409 - ERROR - Error processing line #31 for ID #30: time data '1411/1997' does not match format '%d/%m/%Y'
2023-09-13 20:40:31,409 - ERROR - Error processing line #48 for ID #47: unconverted data remains: 5
2023-09-13 20:40:31,409 - ERROR - Error processing line #49 for ID #48: time data '44/01/1972' does not match format '%d/%m/%Y'
2023-09-13 20:40:31,409 - ERROR - Error processing line #68 for ID #67: time data '29*06*1988' does not match format '%d/%m/%Y'
2023-09-13 20:40:31,409 - ERROR - Error processing line #72 for ID #71: time data '00/10/1995' does not match format '%d/%m/%Y'
2023-09-13 20:40:31,410 - ERROR - Error processing line #79 for ID #78: time data '25/19/1998' does not match format '%d/%m/%Y'
2023-09-13 20:40:31,410 - ERROR - Error processing line #88 for ID #87: time data '09-08-2003' does not match format '%d/%m/%Y'
2023-09-13 20:40:31,410 - ERROR - Error processing line #94 for ID #93: time data '22//01//2013' does not match format '%d/%m/%Y'
